Using pre-set license
Built from '2020.3/release' branch; Version is '2020.3.7f1 (dd97f2c94397) revision 14522354'; Using compiler version '192528614'; Build Type 'Release'
OS: 'Windows 10 Home; OS build 19043.1348; Version 2009; 64bit' Language: 'cs' Physical Memory: 16312 MB
BatchMode: 1, IsHumanControllingUs: 0, StartBugReporterOnCrash: 0, Is64bit: 1, IsPro: 0

 COMMAND LINE ARGUMENTS:
C:\Program Files\Unity\Hub\Editor\2020.3.7f1\Editor\Unity.exe
-adb2
-batchMode
-noUpm
-name
AssetImportWorker0
-projectPath
C:/Users/smutn/OneDrive/Plocha/unity FP controller/Unity-FP-Player-controller/FP player movement
-logFile
Logs/AssetImportWorker0.log
-srvPort
1047
Successfully changed project path to: C:/Users/smutn/OneDrive/Plocha/unity FP controller/Unity-FP-Player-controller/FP player movement
C:/Users/smutn/OneDrive/Plocha/unity FP controller/Unity-FP-Player-controller/FP player movement
Using Asset Import Pipeline V2.
Refreshing native plugins compatible for Editor in 163.12 ms, found 0 plugins.
Preloading 0 native plugins for Editor in 0.00 ms.
Initialize engine version: 2020.3.7f1 (dd97f2c94397)
[Subsystems] Discovering subsystems at path C:/Program Files/Unity/Hub/Editor/2020.3.7f1/Editor/Data/Resources/UnitySubsystems
[Subsystems] Discovering subsystems at path C:/Users/smutn/OneDrive/Plocha/unity FP controller/Unity-FP-Player-controller/FP player movement/Assets
GfxDevice: creating device client; threaded=0
Direct3D:
    Version:  Direct3D 11.0 [level 11.1]
    Renderer: NVIDIA GeForce GTX 1660 SUPER (ID=0x21c4)
    Vendor:   
    VRAM:     5991 MB
    Driver:   30.0.14.9676
Initialize mono
Mono path[0] = 'C:/Program Files/Unity/Hub/Editor/2020.3.7f1/Editor/Data/Managed'
Mono path[1] = 'C:/Program Files/Unity/Hub/Editor/2020.3.7f1/Editor/Data/MonoBleedingEdge/lib/mono/unityjit'
Mono config path = 'C:/Program Files/Unity/Hub/Editor/2020.3.7f1/Editor/Data/MonoBleedingEdge/etc'
Using monoOptions --debugger-agent=transport=dt_socket,embedding=1,server=y,suspend=n,address=127.0.0.1:56068
Begin MonoManager ReloadAssembly
Registering precompiled unity dll's ...
Register platform support module: C:/Program Files/Unity/Hub/Editor/2020.3.7f1/Editor/Data/PlaybackEngines/WebGLSupport/UnityEditor.WebGL.Extensions.dll
Register platform support module: C:/Program Files/Unity/Hub/Editor/2020.3.7f1/Editor/Data/PlaybackEngines/WindowsStandaloneSupport/UnityEditor.WindowsStandalone.Extensions.dll
Registered in 0.002984 seconds.
Native extension for WindowsStandalone target not found
Native extension for WebGL target not found
Refreshing native plugins compatible for Editor in 36.71 ms, found 0 plugins.
Preloading 0 native plugins for Editor in 0.00 ms.
Mono: successfully reloaded assembly
- Completed reload, in  4.698 seconds
Platform modules already initialized, skipping
Registering precompiled user dll's ...
Registered in 0.001534 seconds.
Begin MonoManager ReloadAssembly
Native extension for WindowsStandalone target not found
Native extension for WebGL target not found
Refreshing native plugins compatible for Editor in 0.26 ms, found 0 plugins.
Preloading 0 native plugins for Editor in 0.00 ms.
Mono: successfully reloaded assembly
- Completed reload, in  1.304 seconds
Platform modules already initialized, skipping
========================================================================
Worker process is ready to serve import requests
Launched and connected shader compiler UnityShaderCompiler.exe after 0.10 seconds
Refreshing native plugins compatible for Editor in 0.66 ms, found 0 plugins.
Preloading 0 native plugins for Editor in 0.00 ms.
Unloading 1476 Unused Serialized files (Serialized files now loaded: 0)
System memory in use before: 73.2 MB.
System memory in use after: 73.2 MB.

Unloading 11 unused Assets to reduce memory usage. Loaded Objects now: 1919.
Total: 2.521300 ms (FindLiveObjects: 0.243800 ms CreateObjectMapping: 0.044100 ms MarkObjects: 2.092200 ms  DeleteObjects: 0.139800 ms)

========================================================================
Received Import Request.
  path: Assets/Animations/Movement Animator.controller
  artifactKey: Guid(1830163e17163aa4e8eeda7c1b097bae) Importer(815301076,1909f56bfc062723c751e8b465ee728b)
Start importing Assets/Animations/Movement Animator.controller using Guid(1830163e17163aa4e8eeda7c1b097bae) Importer(815301076,1909f56bfc062723c751e8b465ee728b)  -> (artifact id: '3471a70c3b91be0ae4af00980749f27d') in 0.069196 seconds
  Import took 0.076657 seconds .

========================================================================
Received Prepare
Registering precompiled user dll's ...
Registered in 0.001356 seconds.
Begin MonoManager ReloadAssembly
Native extension for WindowsStandalone target not found
Native extension for WebGL target not found
Refreshing native plugins compatible for Editor in 0.38 ms, found 0 plugins.
Preloading 0 native plugins for Editor in 0.00 ms.
Mono: successfully reloaded assembly
- Completed reload, in  1.475 seconds
Platform modules already initialized, skipping
Refreshing native plugins compatible for Editor in 6.05 ms, found 0 plugins.
Preloading 0 native plugins for Editor in 0.00 ms.
Unloading 1449 Unused Serialized files (Serialized files now loaded: 0)
System memory in use before: 71.0 MB.
System memory in use after: 71.0 MB.

Unloading 6 unused Assets to reduce memory usage. Loaded Objects now: 1922.
Total: 2.009800 ms (FindLiveObjects: 0.219100 ms CreateObjectMapping: 0.031700 ms MarkObjects: 1.465300 ms  DeleteObjects: 0.292300 ms)

========================================================================
Received Prepare
Registering precompiled user dll's ...
Registered in 0.001734 seconds.
Begin MonoManager ReloadAssembly
Native extension for WindowsStandalone target not found
Native extension for WebGL target not found
Refreshing native plugins compatible for Editor in 0.47 ms, found 0 plugins.
Preloading 0 native plugins for Editor in 0.00 ms.
Mono: successfully reloaded assembly
- Completed reload, in  1.775 seconds
Platform modules already initialized, skipping
Refreshing native plugins compatible for Editor in 0.36 ms, found 0 plugins.
Preloading 0 native plugins for Editor in 0.00 ms.
Unloading 1449 Unused Serialized files (Serialized files now loaded: 0)
System memory in use before: 71.0 MB.
System memory in use after: 71.0 MB.

Unloading 6 unused Assets to reduce memory usage. Loaded Objects now: 1925.
Total: 27.062700 ms (FindLiveObjects: 0.244600 ms CreateObjectMapping: 0.048600 ms MarkObjects: 26.647300 ms  DeleteObjects: 0.120400 ms)

========================================================================
Received Prepare
Registering precompiled user dll's ...
Registered in 0.004547 seconds.
Begin MonoManager ReloadAssembly
Native extension for WindowsStandalone target not found
Native extension for WebGL target not found
Refreshing native plugins compatible for Editor in 0.37 ms, found 0 plugins.
Preloading 0 native plugins for Editor in 0.00 ms.
Mono: successfully reloaded assembly
- Completed reload, in  1.459 seconds
Platform modules already initialized, skipping
Refreshing native plugins compatible for Editor in 0.83 ms, found 0 plugins.
Preloading 0 native plugins for Editor in 0.00 ms.
Unloading 1449 Unused Serialized files (Serialized files now loaded: 0)
System memory in use before: 71.0 MB.
System memory in use after: 71.0 MB.

Unloading 6 unused Assets to reduce memory usage. Loaded Objects now: 1928.
Total: 2.230200 ms (FindLiveObjects: 0.232800 ms CreateObjectMapping: 0.189500 ms MarkObjects: 1.700100 ms  DeleteObjects: 0.106000 ms)

========================================================================
Received Import Request.
  Time since last request: 293.624711 seconds.
  path: Assets/Scripts/PlayerController.cs
  artifactKey: Guid(a9684f8aec72ae04d89f3b1ae35005c3) Importer(815301076,1909f56bfc062723c751e8b465ee728b)
Start importing Assets/Scripts/PlayerController.cs using Guid(a9684f8aec72ae04d89f3b1ae35005c3) Importer(815301076,1909f56bfc062723c751e8b465ee728b)  -> (artifact id: '5f03e14f980a38b8c9d15867343c4e80') in 0.025440 seconds
  Import took 0.029712 seconds .

========================================================================
Received Prepare
Registering precompiled user dll's ...
Registered in 0.001081 seconds.
Begin MonoManager ReloadAssembly
Native extension for WindowsStandalone target not found
Native extension for WebGL target not found
Refreshing native plugins compatible for Editor in 0.26 ms, found 0 plugins.
Preloading 0 native plugins for Editor in 0.00 ms.
Mono: successfully reloaded assembly
- Completed reload, in  2.148 seconds
Platform modules already initialized, skipping
Refreshing native plugins compatible for Editor in 0.65 ms, found 0 plugins.
Preloading 0 native plugins for Editor in 0.00 ms.
Unloading 1449 Unused Serialized files (Serialized files now loaded: 0)
System memory in use before: 71.0 MB.
System memory in use after: 71.1 MB.

Unloading 6 unused Assets to reduce memory usage. Loaded Objects now: 1931.
Total: 2.508300 ms (FindLiveObjects: 0.319800 ms CreateObjectMapping: 0.052500 ms MarkObjects: 2.020900 ms  DeleteObjects: 0.113600 ms)

========================================================================
Received Import Request.
  Time since last request: 68.159898 seconds.
  path: Assets/Scripts/PlayerController.cs
  artifactKey: Guid(a9684f8aec72ae04d89f3b1ae35005c3) Importer(815301076,1909f56bfc062723c751e8b465ee728b)
Start importing Assets/Scripts/PlayerController.cs using Guid(a9684f8aec72ae04d89f3b1ae35005c3) Importer(815301076,1909f56bfc062723c751e8b465ee728b)  -> (artifact id: 'ccda64f028bac558cfd6306db12784fa') in 0.004849 seconds
  Import took 0.007299 seconds .

========================================================================
Received Prepare
Registering precompiled user dll's ...
Registered in 0.000983 seconds.
Begin MonoManager ReloadAssembly
Native extension for WindowsStandalone target not found
Native extension for WebGL target not found
Refreshing native plugins compatible for Editor in 0.43 ms, found 0 plugins.
Preloading 0 native plugins for Editor in 0.00 ms.
Mono: successfully reloaded assembly
- Completed reload, in  1.339 seconds
Platform modules already initialized, skipping
Refreshing native plugins compatible for Editor in 0.29 ms, found 0 plugins.
Preloading 0 native plugins for Editor in 0.00 ms.
Unloading 1449 Unused Serialized files (Serialized files now loaded: 0)
System memory in use before: 71.1 MB.
System memory in use after: 71.1 MB.

Unloading 6 unused Assets to reduce memory usage. Loaded Objects now: 1934.
Total: 3.267300 ms (FindLiveObjects: 0.241800 ms CreateObjectMapping: 0.050700 ms MarkObjects: 2.877700 ms  DeleteObjects: 0.095500 ms)

========================================================================
Received Import Request.
  Time since last request: 54.516877 seconds.
  path: Assets/Scripts/PlayerController.cs
  artifactKey: Guid(a9684f8aec72ae04d89f3b1ae35005c3) Importer(815301076,1909f56bfc062723c751e8b465ee728b)
Start importing Assets/Scripts/PlayerController.cs using Guid(a9684f8aec72ae04d89f3b1ae35005c3) Importer(815301076,1909f56bfc062723c751e8b465ee728b)  -> (artifact id: 'e02cd321f3f4ef4288acd3b2fdcabc33') in 0.004771 seconds
  Import took 0.007103 seconds .

========================================================================
Received Prepare
Registering precompiled user dll's ...
Registered in 0.001061 seconds.
Begin MonoManager ReloadAssembly
Native extension for WindowsStandalone target not found
Native extension for WebGL target not found
Refreshing native plugins compatible for Editor in 0.27 ms, found 0 plugins.
Preloading 0 native plugins for Editor in 0.00 ms.
Mono: successfully reloaded assembly
- Completed reload, in  1.288 seconds
Platform modules already initialized, skipping
Refreshing native plugins compatible for Editor in 0.27 ms, found 0 plugins.
Preloading 0 native plugins for Editor in 0.00 ms.
Unloading 1449 Unused Serialized files (Serialized files now loaded: 0)
System memory in use before: 71.1 MB.
System memory in use after: 71.1 MB.

Unloading 6 unused Assets to reduce memory usage. Loaded Objects now: 1937.
Total: 3.288800 ms (FindLiveObjects: 0.242900 ms CreateObjectMapping: 0.048400 ms MarkObjects: 2.880600 ms  DeleteObjects: 0.115200 ms)

========================================================================
Received Prepare
Registering precompiled user dll's ...
Registered in 0.000904 seconds.
Begin MonoManager ReloadAssembly
Native extension for WindowsStandalone target not found
Native extension for WebGL target not found
Refreshing native plugins compatible for Editor in 0.39 ms, found 0 plugins.
Preloading 0 native plugins for Editor in 0.00 ms.
Mono: successfully reloaded assembly
- Completed reload, in  1.684 seconds
Platform modules already initialized, skipping
Refreshing native plugins compatible for Editor in 0.29 ms, found 0 plugins.
Preloading 0 native plugins for Editor in 0.00 ms.
Unloading 1449 Unused Serialized files (Serialized files now loaded: 0)
System memory in use before: 71.1 MB.
System memory in use after: 71.1 MB.

Unloading 6 unused Assets to reduce memory usage. Loaded Objects now: 1940.
Total: 1.999500 ms (FindLiveObjects: 0.244200 ms CreateObjectMapping: 0.045900 ms MarkObjects: 1.598800 ms  DeleteObjects: 0.109000 ms)

========================================================================
Received Import Request.
  Time since last request: 434.248562 seconds.
  path: Assets/Materials/Ch45_Body.mat
  artifactKey: Guid(b38a9b7c1b8e4594d99c1c794bfe44db) Importer(815301076,1909f56bfc062723c751e8b465ee728b)
Start importing Assets/Materials/Ch45_Body.mat using Guid(b38a9b7c1b8e4594d99c1c794bfe44db) Importer(815301076,1909f56bfc062723c751e8b465ee728b)  -> (artifact id: '089dedd4867619d14930ee753c5369e8') in 0.311419 seconds
  Import took 0.316518 seconds .

========================================================================
Received Import Request.
  Time since last request: 4.948077 seconds.
  path: Assets/Animations/WalkingAnim.anim
  artifactKey: Guid(6a9a2c8c1e143c94c9d353db4bc970e2) Importer(815301076,1909f56bfc062723c751e8b465ee728b)
Start importing Assets/Animations/WalkingAnim.anim using Guid(6a9a2c8c1e143c94c9d353db4bc970e2) Importer(815301076,1909f56bfc062723c751e8b465ee728b)  -> (artifact id: 'c18d45850d7652fd9238f47d2a789856') in 0.053680 seconds
  Import took 0.057141 seconds .

========================================================================
Received Import Request.
  Time since last request: 27.100459 seconds.
  path: Assets/Animations/Idle_Anim.anim
  artifactKey: Guid(829f27bb4273cf1488a78e4389313707) Importer(815301076,1909f56bfc062723c751e8b465ee728b)
Start importing Assets/Animations/Idle_Anim.anim using Guid(829f27bb4273cf1488a78e4389313707) Importer(815301076,1909f56bfc062723c751e8b465ee728b)  -> (artifact id: '3a5d24d380463b5747b7f88833f7f03b') in 0.056896 seconds
  Import took 0.060714 seconds .

========================================================================
Received Import Request.
  Time since last request: 2.302791 seconds.
  path: Assets/Animations/CrouchIdle_Anim.anim
  artifactKey: Guid(6ef20699b8b72684e9ffba54627885b5) Importer(815301076,1909f56bfc062723c751e8b465ee728b)
Start importing Assets/Animations/CrouchIdle_Anim.anim using Guid(6ef20699b8b72684e9ffba54627885b5) Importer(815301076,1909f56bfc062723c751e8b465ee728b)  -> (artifact id: '0c3d6129537968ef998bc1ce28266b1f') in 0.057736 seconds
  Import took 0.061456 seconds .

========================================================================
Received Prepare
Registering precompiled user dll's ...
Registered in 0.009547 seconds.
Begin MonoManager ReloadAssembly
Native extension for WindowsStandalone target not found
Native extension for WebGL target not found
Refreshing native plugins compatible for Editor in 0.39 ms, found 0 plugins.
Preloading 0 native plugins for Editor in 0.00 ms.
Mono: successfully reloaded assembly
- Completed reload, in  2.188 seconds
Platform modules already initialized, skipping
Refreshing native plugins compatible for Editor in 0.60 ms, found 0 plugins.
Preloading 0 native plugins for Editor in 0.00 ms.
Unloading 1449 Unused Serialized files (Serialized files now loaded: 0)
System memory in use before: 74.4 MB.
System memory in use after: 74.4 MB.

Unloading 6 unused Assets to reduce memory usage. Loaded Objects now: 1983.
Total: 3.699200 ms (FindLiveObjects: 0.288000 ms CreateObjectMapping: 0.254300 ms MarkObjects: 2.996900 ms  DeleteObjects: 0.158700 ms)

========================================================================
Received Import Request.
  Time since last request: 1014.422363 seconds.
  path: Assets/Crouched Walking.fbx
  artifactKey: Guid(407902ae7bc9e7b47beed3baf2968ba6) Importer(815301076,1909f56bfc062723c751e8b465ee728b)
Start importing Assets/Crouched Walking.fbx using Guid(407902ae7bc9e7b47beed3baf2968ba6) Importer(815301076,1909f56bfc062723c751e8b465ee728b)  -> (artifact id: 'c290af58a7177a5c1a14e68b393a860e') in 0.384506 seconds
  Import took 0.389740 seconds .

========================================================================
Received Import Request.
  Time since last request: 19.213277 seconds.
  path: Assets/Animations/FBX Files/mixamo.com.anim
  artifactKey: Guid(0dd8da3a1b158844f85f652793587cfe) Importer(815301076,1909f56bfc062723c751e8b465ee728b)
Start importing Assets/Animations/FBX Files/mixamo.com.anim using Guid(0dd8da3a1b158844f85f652793587cfe) Importer(815301076,1909f56bfc062723c751e8b465ee728b)  -> (artifact id: '092dfb26cb0f580e5d0047bae0e91538') in 0.026786 seconds
  Import took 0.032254 seconds .

========================================================================
Received Import Request.
  Time since last request: 2.407056 seconds.
  path: Assets/Animations/mixamo.com.anim
  artifactKey: Guid(0dd8da3a1b158844f85f652793587cfe) Importer(815301076,1909f56bfc062723c751e8b465ee728b)
Start importing Assets/Animations/mixamo.com.anim using Guid(0dd8da3a1b158844f85f652793587cfe) Importer(815301076,1909f56bfc062723c751e8b465ee728b)  -> (artifact id: 'd6c3a8e17b2c0d59fc1f26219aa1ae14') in 0.029289 seconds
  Import took 0.040344 seconds .

========================================================================
Received Import Request.
  Time since last request: 10.357142 seconds.
  path: Assets/Animations/CrouchedWalk_Anim.anim
  artifactKey: Guid(0dd8da3a1b158844f85f652793587cfe) Importer(815301076,1909f56bfc062723c751e8b465ee728b)
Start importing Assets/Animations/CrouchedWalk_Anim.anim using Guid(0dd8da3a1b158844f85f652793587cfe) Importer(815301076,1909f56bfc062723c751e8b465ee728b)  -> (artifact id: 'baa173b1f5d67276c15d2e1e4939eb50') in 0.025318 seconds
  Import took 0.028345 seconds .

========================================================================
Received Prepare
Registering precompiled user dll's ...
Registered in 0.001448 seconds.
Begin MonoManager ReloadAssembly
Native extension for WindowsStandalone target not found
Native extension for WebGL target not found
Refreshing native plugins compatible for Editor in 0.36 ms, found 0 plugins.
Preloading 0 native plugins for Editor in 0.00 ms.
Mono: successfully reloaded assembly
- Completed reload, in  1.448 seconds
Platform modules already initialized, skipping
Refreshing native plugins compatible for Editor in 0.38 ms, found 0 plugins.
Preloading 0 native plugins for Editor in 0.00 ms.
Unloading 1449 Unused Serialized files (Serialized files now loaded: 0)
System memory in use before: 88.2 MB.
System memory in use after: 88.2 MB.

Unloading 6 unused Assets to reduce memory usage. Loaded Objects now: 1991.
Total: 2.209600 ms (FindLiveObjects: 0.240400 ms CreateObjectMapping: 0.052200 ms MarkObjects: 1.790200 ms  DeleteObjects: 0.124000 ms)

========================================================================
Received Prepare
Registering precompiled user dll's ...
Registered in 0.001141 seconds.
Begin MonoManager ReloadAssembly
Native extension for WindowsStandalone target not found
Native extension for WebGL target not found
Refreshing native plugins compatible for Editor in 0.27 ms, found 0 plugins.
Preloading 0 native plugins for Editor in 0.00 ms.
Mono: successfully reloaded assembly
- Completed reload, in  1.441 seconds
Platform modules already initialized, skipping
Refreshing native plugins compatible for Editor in 0.40 ms, found 0 plugins.
Preloading 0 native plugins for Editor in 0.00 ms.
Unloading 1449 Unused Serialized files (Serialized files now loaded: 0)
System memory in use before: 88.2 MB.
System memory in use after: 88.2 MB.

Unloading 6 unused Assets to reduce memory usage. Loaded Objects now: 1994.
Total: 2.260400 ms (FindLiveObjects: 0.265400 ms CreateObjectMapping: 0.049600 ms MarkObjects: 1.818900 ms  DeleteObjects: 0.124900 ms)

========================================================================
Received Prepare
Registering precompiled user dll's ...
Registered in 0.007004 seconds.
Begin MonoManager ReloadAssembly
Native extension for WindowsStandalone target not found
Native extension for WebGL target not found
Refreshing native plugins compatible for Editor in 0.39 ms, found 0 plugins.
Preloading 0 native plugins for Editor in 0.00 ms.
Mono: successfully reloaded assembly
- Completed reload, in  1.694 seconds
Platform modules already initialized, skipping
Refreshing native plugins compatible for Editor in 0.40 ms, found 0 plugins.
Preloading 0 native plugins for Editor in 0.00 ms.
Unloading 1449 Unused Serialized files (Serialized files now loaded: 0)
System memory in use before: 88.2 MB.
System memory in use after: 88.2 MB.

Unloading 6 unused Assets to reduce memory usage. Loaded Objects now: 1997.
Total: 2.872000 ms (FindLiveObjects: 0.606600 ms CreateObjectMapping: 0.049500 ms MarkObjects: 2.100200 ms  DeleteObjects: 0.114500 ms)

========================================================================
Received Prepare
Registering precompiled user dll's ...
Registered in 0.007862 seconds.
Begin MonoManager ReloadAssembly
Native extension for WindowsStandalone target not found
Native extension for WebGL target not found
Refreshing native plugins compatible for Editor in 0.47 ms, found 0 plugins.
Preloading 0 native plugins for Editor in 0.00 ms.
Mono: successfully reloaded assembly
- Completed reload, in  4.827 seconds
Platform modules already initialized, skipping
Refreshing native plugins compatible for Editor in 0.44 ms, found 0 plugins.
Preloading 0 native plugins for Editor in 0.00 ms.
Unloading 1449 Unused Serialized files (Serialized files now loaded: 0)
System memory in use before: 88.2 MB.
System memory in use after: 88.2 MB.

Unloading 6 unused Assets to reduce memory usage. Loaded Objects now: 2000.
Total: 41.455500 ms (FindLiveObjects: 0.402900 ms CreateObjectMapping: 0.607100 ms MarkObjects: 40.170500 ms  DeleteObjects: 0.273500 ms)

========================================================================
Received Prepare
Registering precompiled user dll's ...
Registered in 0.001378 seconds.
Begin MonoManager ReloadAssembly
Native extension for WindowsStandalone target not found
Native extension for WebGL target not found
Refreshing native plugins compatible for Editor in 0.27 ms, found 0 plugins.
Preloading 0 native plugins for Editor in 0.00 ms.
Mono: successfully reloaded assembly
- Completed reload, in  1.024 seconds
Platform modules already initialized, skipping
Refreshing native plugins compatible for Editor in 0.41 ms, found 0 plugins.
Preloading 0 native plugins for Editor in 0.00 ms.
Unloading 1449 Unused Serialized files (Serialized files now loaded: 0)
System memory in use before: 88.2 MB.
System memory in use after: 88.2 MB.

Unloading 6 unused Assets to reduce memory usage. Loaded Objects now: 2003.
Total: 2.297600 ms (FindLiveObjects: 0.280500 ms CreateObjectMapping: 0.050500 ms MarkObjects: 1.846700 ms  DeleteObjects: 0.118400 ms)

========================================================================
Received Prepare
Registering precompiled user dll's ...
Registered in 0.001028 seconds.
Begin MonoManager ReloadAssembly
Native extension for WindowsStandalone target not found
Native extension for WebGL target not found
Refreshing native plugins compatible for Editor in 0.37 ms, found 0 plugins.
Preloading 0 native plugins for Editor in 0.00 ms.
Mono: successfully reloaded assembly
- Completed reload, in  1.447 seconds
Platform modules already initialized, skipping
Refreshing native plugins compatible for Editor in 0.39 ms, found 0 plugins.
Preloading 0 native plugins for Editor in 0.00 ms.
Unloading 1449 Unused Serialized files (Serialized files now loaded: 0)
System memory in use before: 88.2 MB.
System memory in use after: 88.2 MB.

Unloading 6 unused Assets to reduce memory usage. Loaded Objects now: 2006.
Total: 7.779800 ms (FindLiveObjects: 5.859700 ms CreateObjectMapping: 0.058100 ms MarkObjects: 1.744700 ms  DeleteObjects: 0.115800 ms)

========================================================================
Received Prepare
Registering precompiled user dll's ...
Registered in 0.000997 seconds.
Begin MonoManager ReloadAssembly
Native extension for WindowsStandalone target not found
Native extension for WebGL target not found
Refreshing native plugins compatible for Editor in 0.29 ms, found 0 plugins.
Preloading 0 native plugins for Editor in 0.00 ms.
Mono: successfully reloaded assembly
- Completed reload, in  1.416 seconds
Platform modules already initialized, skipping
Refreshing native plugins compatible for Editor in 0.35 ms, found 0 plugins.
Preloading 0 native plugins for Editor in 0.00 ms.
Unloading 1449 Unused Serialized files (Serialized files now loaded: 0)
System memory in use before: 88.2 MB.
System memory in use after: 88.2 MB.

Unloading 6 unused Assets to reduce memory usage. Loaded Objects now: 2009.
Total: 2.836200 ms (FindLiveObjects: 1.035700 ms CreateObjectMapping: 0.034600 ms MarkObjects: 1.668600 ms  DeleteObjects: 0.096500 ms)

