Using pre-set license
Built from '2020.3/release' branch; Version is '2020.3.7f1 (dd97f2c94397) revision 14522354'; Using compiler version '192528614'; Build Type 'Release'
OS: 'Windows 10 Home; OS build 19043.1348; Version 2009; 64bit' Language: 'cs' Physical Memory: 16312 MB
BatchMode: 1, IsHumanControllingUs: 0, StartBugReporterOnCrash: 0, Is64bit: 1, IsPro: 0

 COMMAND LINE ARGUMENTS:
C:\Program Files\Unity\Hub\Editor\2020.3.7f1\Editor\Unity.exe
-adb2
-batchMode
-noUpm
-name
AssetImportWorker0
-projectPath
C:/Users/smutn/OneDrive/Plocha/unity FP controller/Unity-FP-Player-controller/FP player movement
-logFile
Logs/AssetImportWorker0.log
-srvPort
1075
Successfully changed project path to: C:/Users/smutn/OneDrive/Plocha/unity FP controller/Unity-FP-Player-controller/FP player movement
C:/Users/smutn/OneDrive/Plocha/unity FP controller/Unity-FP-Player-controller/FP player movement
Using Asset Import Pipeline V2.
Refreshing native plugins compatible for Editor in 29.34 ms, found 0 plugins.
Preloading 0 native plugins for Editor in 0.00 ms.
Initialize engine version: 2020.3.7f1 (dd97f2c94397)
[Subsystems] Discovering subsystems at path C:/Program Files/Unity/Hub/Editor/2020.3.7f1/Editor/Data/Resources/UnitySubsystems
[Subsystems] Discovering subsystems at path C:/Users/smutn/OneDrive/Plocha/unity FP controller/Unity-FP-Player-controller/FP player movement/Assets
GfxDevice: creating device client; threaded=0
Direct3D:
    Version:  Direct3D 11.0 [level 11.1]
    Renderer: NVIDIA GeForce GTX 1660 SUPER (ID=0x21c4)
    Vendor:   
    VRAM:     5991 MB
    Driver:   30.0.14.9676
Initialize mono
Mono path[0] = 'C:/Program Files/Unity/Hub/Editor/2020.3.7f1/Editor/Data/Managed'
Mono path[1] = 'C:/Program Files/Unity/Hub/Editor/2020.3.7f1/Editor/Data/MonoBleedingEdge/lib/mono/unityjit'
Mono config path = 'C:/Program Files/Unity/Hub/Editor/2020.3.7f1/Editor/Data/MonoBleedingEdge/etc'
Using monoOptions --debugger-agent=transport=dt_socket,embedding=1,server=y,suspend=n,address=127.0.0.1:56828
Begin MonoManager ReloadAssembly
Registering precompiled unity dll's ...
Register platform support module: C:/Program Files/Unity/Hub/Editor/2020.3.7f1/Editor/Data/PlaybackEngines/WebGLSupport/UnityEditor.WebGL.Extensions.dll
Register platform support module: C:/Program Files/Unity/Hub/Editor/2020.3.7f1/Editor/Data/PlaybackEngines/WindowsStandaloneSupport/UnityEditor.WindowsStandalone.Extensions.dll
Registered in 0.002400 seconds.
Native extension for WindowsStandalone target not found
Native extension for WebGL target not found
Refreshing native plugins compatible for Editor in 31.30 ms, found 0 plugins.
Preloading 0 native plugins for Editor in 0.00 ms.
Mono: successfully reloaded assembly
- Completed reload, in  2.180 seconds
Platform modules already initialized, skipping
Registering precompiled user dll's ...
Registered in 0.000750 seconds.
Begin MonoManager ReloadAssembly
Native extension for WindowsStandalone target not found
Native extension for WebGL target not found
Refreshing native plugins compatible for Editor in 0.27 ms, found 0 plugins.
Preloading 0 native plugins for Editor in 0.00 ms.
Mono: successfully reloaded assembly
- Completed reload, in  0.839 seconds
Platform modules already initialized, skipping
========================================================================
Worker process is ready to serve import requests
Launched and connected shader compiler UnityShaderCompiler.exe after 0.05 seconds
Refreshing native plugins compatible for Editor in 0.39 ms, found 0 plugins.
Preloading 0 native plugins for Editor in 0.00 ms.
Unloading 1475 Unused Serialized files (Serialized files now loaded: 0)
System memory in use before: 72.6 MB.
System memory in use after: 72.7 MB.

Unloading 11 unused Assets to reduce memory usage. Loaded Objects now: 1918.
Total: 2.644400 ms (FindLiveObjects: 0.249900 ms CreateObjectMapping: 0.056100 ms MarkObjects: 2.182400 ms  DeleteObjects: 0.154600 ms)

========================================================================
Received Import Request.
  path: Assets/Animations/Crouching Idle.fbx
  artifactKey: Guid(1fd0a0f1622b45e4a90460940a608936) Importer(815301076,1909f56bfc062723c751e8b465ee728b)
Start importing Assets/Animations/Crouching Idle.fbx using Guid(1fd0a0f1622b45e4a90460940a608936) Importer(815301076,1909f56bfc062723c751e8b465ee728b)  -> (artifact id: '110f69cef81d1b507648daa2ca7d8232') in 0.430015 seconds
  Import took 0.432842 seconds .

========================================================================
Received Import Request.
  Time since last request: 0.000217 seconds.
  path: Assets/Animations/Jump.fbx
  artifactKey: Guid(e356bf70b21253841b5d6571d10043d9) Importer(815301076,1909f56bfc062723c751e8b465ee728b)
Start importing Assets/Animations/Jump.fbx using Guid(e356bf70b21253841b5d6571d10043d9) Importer(815301076,1909f56bfc062723c751e8b465ee728b)  -> (artifact id: '9c226ced64714a2bb99d38ae88e9a473') in 0.032918 seconds
  Import took 0.035425 seconds .

========================================================================
Received Import Request.
  Time since last request: 0.000230 seconds.
  path: Assets/Materials/Ch45_Body.mat
  artifactKey: Guid(b38a9b7c1b8e4594d99c1c794bfe44db) Importer(815301076,1909f56bfc062723c751e8b465ee728b)
Start importing Assets/Materials/Ch45_Body.mat using Guid(b38a9b7c1b8e4594d99c1c794bfe44db) Importer(815301076,1909f56bfc062723c751e8b465ee728b)  -> (artifact id: '9a153324566347c02c89e2ebe7a38961') in 0.018208 seconds
  Import took 0.020230 seconds .

========================================================================
Received Import Request.
  Time since last request: 0.000541 seconds.
  path: Assets/Materials/Floor.mat
  artifactKey: Guid(ef76e2112d2f21743a7b4894f778968d) Importer(815301076,1909f56bfc062723c751e8b465ee728b)
Start importing Assets/Materials/Floor.mat using Guid(ef76e2112d2f21743a7b4894f778968d) Importer(815301076,1909f56bfc062723c751e8b465ee728b)  -> (artifact id: 'a641ade6b5f4e94796950940643d7f31') in 0.010162 seconds
  Import took 0.012156 seconds .

========================================================================
Received Import Request.
  Time since last request: 0.000229 seconds.
  path: Assets/Animations/Walking.fbx
  artifactKey: Guid(79c186168ec18614ab9bad22f6855bab) Importer(815301076,1909f56bfc062723c751e8b465ee728b)
Start importing Assets/Animations/Walking.fbx using Guid(79c186168ec18614ab9bad22f6855bab) Importer(815301076,1909f56bfc062723c751e8b465ee728b)  -> (artifact id: 'f84ea24c77f4776280a890c16b54ca76') in 0.030730 seconds
  Import took 0.033484 seconds .

========================================================================
Received Import Request.
  Time since last request: 0.000268 seconds.
  path: Assets/Animations/Crouched Walking.fbx
  artifactKey: Guid(feb55097347b943459be011ef2e0c1ec) Importer(815301076,1909f56bfc062723c751e8b465ee728b)
Start importing Assets/Animations/Crouched Walking.fbx using Guid(feb55097347b943459be011ef2e0c1ec) Importer(815301076,1909f56bfc062723c751e8b465ee728b)  -> (artifact id: '4d26e185a1dcbf0c0f66d786b712d2f4') in 0.030350 seconds
  Import took 0.033756 seconds .

========================================================================
Received Import Request.
  Time since last request: 0.000252 seconds.
  path: Assets/Animations/Breathing Idle.fbx
  artifactKey: Guid(5f4e62ab9a1ee3340a048c7e708fc239) Importer(815301076,1909f56bfc062723c751e8b465ee728b)
Start importing Assets/Animations/Breathing Idle.fbx using Guid(5f4e62ab9a1ee3340a048c7e708fc239) Importer(815301076,1909f56bfc062723c751e8b465ee728b)  -> (artifact id: 'b987703934ae76793c3156a63c9ec6f5') in 0.028274 seconds
  Import took 0.031058 seconds .

========================================================================
Received Import Request.
  Time since last request: 4.856102 seconds.
  path: Assets/Animations/Movement Controller.controller
  artifactKey: Guid(1830163e17163aa4e8eeda7c1b097bae) Importer(815301076,1909f56bfc062723c751e8b465ee728b)
Start importing Assets/Animations/Movement Controller.controller using Guid(1830163e17163aa4e8eeda7c1b097bae) Importer(815301076,1909f56bfc062723c751e8b465ee728b)  -> (artifact id: '4f2e3b8fb0d83ec77567f977572eb50e') in 0.006139 seconds
  Import took 0.008670 seconds .

AssetImportWorkerClient::OnTransportError - code=2 error=End of file
